f:\dx11\engine\engine\x64\debug\vc140.pdb
f:\dx11\engine\engine\x64\debug\vc140.idb
f:\dx11\engine\engine\x64\debug\graphicsclass.obj
f:\dx11\engine\engine\x64\debug\inputclass.obj
f:\dx11\engine\engine\x64\debug\main.obj
f:\dx11\engine\engine\x64\debug\systemclass.obj
f:\dx11\engine\engine\x64\debug\graphics.obj
f:\dx11\engine\engine\x64\debug\input.obj
f:\dx11\engine\engine\x64\debug\windowinit.obj
f:\dx11\engine\engine\x64\debug\mesh.obj
f:\dx11\engine\engine\x64\debug\d3dmanager.obj
f:\dx11\engine\engine\x64\debug\camera.obj
f:\dx11\engine\engine\x64\debug\gameobject.obj
f:\dx11\engine\engine\x64\debug\shader.obj
f:\dx11\engine\engine\x64\debug\game.obj
f:\dx11\engine\engine\x64\debug\timer.obj
f:\dx11\engine\engine\x64\debug\light.obj
f:\dx11\engine\engine\x64\debug\object.obj
f:\dx11\engine\engine\x64\debug\pointlightobject.obj
f:\dx11\engine\engine\x64\debug\texture2d.obj
f:\dx11\engine\engine\x64\debug\meshloader.obj
f:\dx11\engine\engine\x64\debug\firstpersoncamera.obj
f:\dx11\engine\engine\x64\debug\wavemesh.obj
f:\dx11\engine\x64\debug\engine.ilk
f:\dx11\engine\x64\debug\engine.exe
f:\dx11\engine\x64\debug\engine.pdb
f:\dx11\engine\engine\x64\debug\meshloader.obj.enc
f:\dx11\engine\engine\x64\debug\engine.tlog\cl.command.1.tlog
f:\dx11\engine\engine\x64\debug\engine.tlog\cl.read.1.tlog
f:\dx11\engine\engine\x64\debug\engine.tlog\cl.write.1.tlog
f:\dx11\engine\engine\x64\debug\engine.tlog\link.command.1.tlog
f:\dx11\engine\engine\x64\debug\engine.tlog\link.read.1.tlog
f:\dx11\engine\engine\x64\debug\engine.tlog\link.write.1.tlog
